\BOOKMARK [1][-]{section.1}{Pr\351sentation du projet}{}% 1
\BOOKMARK [2][-]{subsection.1.1}{Contexte}{section.1}% 2
\BOOKMARK [2][-]{subsection.1.2}{Objectifs}{section.1}% 3
\BOOKMARK [2][-]{subsection.1.3}{Description de l'existant}{section.1}% 4
\BOOKMARK [2][-]{subsection.1.4}{Crit\350res d'acceptabilit\351 du produit}{section.1}% 5
\BOOKMARK [1][-]{section.2}{Expression des besoins}{}% 6
\BOOKMARK [2][-]{subsection.2.1}{Besoins fonctionnels}{section.2}% 7
\BOOKMARK [3][-]{subsubsection.2.1.1}{Fonctionnalit\351 du logiciel}{subsection.2.1}% 8
\BOOKMARK [3][-]{subsubsection.2.1.2}{Fonctionnalit\351 du code}{subsection.2.1}% 9
\BOOKMARK [2][-]{subsection.2.2}{Besoins non fonctionnels}{section.2}% 10
\BOOKMARK [1][-]{section.3}{Contraintes}{}% 11
\BOOKMARK [2][-]{subsection.3.1}{D\351lais}{section.3}% 12
\BOOKMARK [2][-]{subsection.3.2}{Autres contraintes}{section.3}% 13
\BOOKMARK [1][-]{section.4}{D\351roulement du projet}{}% 14
\BOOKMARK [2][-]{subsection.4.1}{Planification}{section.4}% 15
\BOOKMARK [2][-]{subsection.4.2}{Plan d'assurance qualit\351}{section.4}% 16
\BOOKMARK [2][-]{subsection.4.3}{Responsabilit\351s}{section.4}% 17
\BOOKMARK [3][-]{subsubsection.4.3.1}{Ma\356trise d'ouvrage}{subsection.4.3}% 18
\BOOKMARK [3][-]{subsubsection.4.3.2}{Ma\356trise d\220\234uvre}{subsection.4.3}% 19
\BOOKMARK [1][-]{section.5}{Bibliographie}{}% 20
